Start testing: May 15 10:52 Central Daylight Time
----------------------------------------------------------
1/1 Testing: CMakeTest
1/1 Test: CMakeTest
Command: "C:/Users/nguye/Documents/GitHub/generalized-sporadic/build/test/CMakeTest.exe"
Directory: C:/Users/nguye/Documents/GitHub/generalized-sporadic/build/test
"CMakeTest" start time: May 15 10:52 Central Daylight Time
Output:
----------------------------------------------------------
[==========] Running 8 tests from 3 test suites.
[----------] Global test environment set-up.
[----------] 6 tests from ECDF
[ RUN      ] ECDF.MOD
[       OK ] ECDF.MOD (0 ms)
[ RUN      ] ECDF.dbfLi
[       OK ] ECDF.dbfLi (0 ms)
[ RUN      ] ECDF.Proposition1
[       OK ] ECDF.Proposition1 (1 ms)
[ RUN      ] ECDF.Proposition1_Fail_ManyTasks_HighCombinedUtilization
num_tasks: 4
utilization: 0.842857
t_max: 0
[       OK ] ECDF.Proposition1_Fail_ManyTasks_HighCombinedUtilization (0 ms)
[ RUN      ] ECDF.dbfHi_l4
[       OK ] ECDF.dbfHi_l4 (0 ms)
[ RUN      ] ECDF.dbfUNi_l2
[       OK ] ECDF.dbfUNi_l2 (0 ms)
[----------] 6 tests from ECDF (1 ms total)

[----------] 1 test from dbfUN_l6Test
[ RUN      ] dbfUN_l6Test.MixedTasks_ConditionFalseForHI
[       OK ] dbfUN_l6Test.MixedTasks_ConditionFalseForHI (0 ms)
[----------] 1 test from dbfUN_l6Test (0 ms total)

[----------] 1 test from dbfL1_l7Test
[ RUN      ] dbfL1_l7Test.SingleLOTask
task2: 0
task3: 1
task4: 0
[       OK ] dbfL1_l7Test.SingleLOTask (0 ms)
[----------] 1 test from dbfL1_l7Test (0 ms total)

[----------] Global test environment tear-down
[==========] 8 tests from 3 test suites ran. (1 ms total)
[  PASSED  ] 8 tests.
<end of output>
Test time =   0.84 sec
----------------------------------------------------------
Test Passed.
"CMakeTest" end time: May 15 10:52 Central Daylight Time
"CMakeTest" time elapsed: 00:00:00
----------------------------------------------------------

End testing: May 15 10:52 Central Daylight Time
