<?xml version="1.0" encoding="UTF-8"?>
<Site BuildName="(empty)"
	BuildStamp="20250515-0135-Experimental"
	Name="(empty)"
	Generator="ctest-3.22.22040401-MSVC_2"
	CompilerName=""
	CompilerVersion=""
	OSName="Windows"
	Hostname="LAPTOP-GR57R1MC"
	OSRelease=" Personal"
	OSVersion=" (Build 19045)"
	OSPlatform="AMD64"
	Is64Bits="1"
	VendorString="AuthenticAMD"
	VendorID="Advanced Micro Devices"
	FamilyID="15"
	ModelID="0"
	ProcessorCacheSize="64"
	NumberOfLogicalCPU="16"
	NumberOfPhysicalCPU="8"
	TotalVirtualMemory="74670"
	TotalPhysicalMemory="64942"
	LogicalProcessorsPerPhysical="2"
	ProcessorClockFrequency="3293"
	>
	<Testing>
		<StartDateTime>May 15 17:23 Central Daylight Time</StartDateTime>
		<StartTestTime>1747347798</StartTestTime>
		<TestList>
			<Test>./test/CMakeTest</Test>
		</TestList>
		<Test Status="passed">
			<Name>CMakeTest</Name>
			<Path>./test</Path>
			<FullName>./test/CMakeTest</FullName>
			<FullCommandLine>C:\Users\nguye\Documents\GitHub\generalized-sporadic\build\test\CMakeTest.exe</FullCommandLine>
			<Results>
				<NamedMeasurement type="numeric/double" name="Execution Time">
					<Value>0.875201</Value>
				</NamedMeasurement>
				<NamedMeasurement type="numeric/double" name="Processors">
					<Value>1</Value>
				</NamedMeasurement>
				<NamedMeasurement type="text/string" name="Completion Status">
					<Value>Completed</Value>
				</NamedMeasurement>
				<NamedMeasurement type="text/string" name="Command Line">
					<Value>C:\Users\nguye\Documents\GitHub\generalized-sporadic\build\test\CMakeTest.exe</Value>
				</NamedMeasurement>
				<NamedMeasurement type="text/string" name="Environment">
					<Value>#CTEST_RESOURCE_GROUP_COUNT=</Value>
				</NamedMeasurement>
				<Measurement>
					<Value encoding="base64" compression="gzip">eJyVVMtuwjAQvPsr9lgOWCSkgJB6gqZU5VFROCEUOcQQq46NYodCv76OI6WhDbTsJfbOzGZ2tcnqoYw1zDMhmNhBDzRVWsE2lQm07QVUxswTo1WzjDU8cRkSXhCoOLBUioQKQ6a6me1/kDvVqo+DoY9WMF9OwcbaZvBkNjTZImYvlSzctSBRjRpJFG7HrEZk85dlr6ncS8U0k8KpUVfh/xUJfMJ4MCHitCDqXQUjtosHMgmZoNFSM84+Sc5DIksCnTP64KHsG+hDC/c8t3ffRTpIyNHc//D1zzdeHd2IBdyrn56FroqXU0Nx69UFVsqvLkLBAi014Q10TnaK7bJcWzbgnYXJnDuqInjCjjQqRjKQIrLD8glX1Jfp6Pnc7g3C2l4u2buhpbET8G5tSyWC38xnyel4lptD+fa4+Xrkh3YfHHvwfi3MxQqVTjDGaBFTSHNHcgvanK07mel9puGDKIMl8kAjUExsKDDzqR83lEaqIMdGGkse5Wqn5XoQnuyP4gv0Gkic====</Value>
				</Measurement>
			</Results>
		</Test>
		<EndDateTime>May 15 17:23 Central Daylight Time</EndDateTime>
		<EndTestTime>1747347799</EndTestTime>
		<ElapsedMinutes>0</ElapsedMinutes>
	</Testing>
</Site>
